"../../../TestingGrounds/Content/Geometry/Meshes/CubeMaterial.uasset" 0
"../../../TestingGrounds/Content/Geometry/Meshes/1M_Cube_Chamfer.uasset" 1
"../../../TestingGrounds/Content/Geometry/Meshes/RampMaterial.uasset" 2
"../../../TestingGrounds/Content/Geometry/Meshes/Bump_StaticMesh.uasset" 3
"../../../TestingGrounds/Content/Geometry/Meshes/LeftArm_StaticMesh.uasset" 4
"../../../TestingGrounds/Content/Geometry/Meshes/Ramp_StaticMesh.uasset" 5
"../../../TestingGrounds/Content/Geometry/Meshes/RightArm_StaticMesh.uasset" 6
"../../../TestingGrounds/Content/Geometry/Meshes/TemplateFloor.uasset" 7
"../../../TestingGrounds/Content/NPC/AI/FocusAtActor.uasset" 8
"../../../TestingGrounds/Content/NPC/Character/UE4_Mannequin/Mesh/UE4_Mannequin_Skeleton.uasset" 9
"../../../TestingGrounds/Content/NPC/Animations/AnimationClips/Aim_Space_Hip.uasset" 10
"../../../TestingGrounds/Content/NPC/Animations/AnimationClips/Crouch_Idle_Rifle_Ironsights.uasset" 11
"../../../TestingGrounds/Content/NPC/Animations/AnimationClips/Crouch_to_Stand_Rifle_Hip.uasset" 12
"../../../TestingGrounds/Content/NPC/Animations/AnimationClips/Crouch_to_Stand_Rifle_Ironsights.uasset" 13
"../../../TestingGrounds/Content/NPC/Animations/AnimationClips/Crouch_Walk_Bwd_Rifle_Ironsights.uasset" 14
"../../../TestingGrounds/Content/NPC/Animations/AnimationClips/Crouch_Walk_Fwd_Rifle_Ironsights.uasset" 15
"../../../TestingGrounds/Content/NPC/Animations/AnimationClips/Crouch_Walk_Lt_Rifle_Ironsights.uasset" 16
"../../../TestingGrounds/Content/NPC/Animations/AnimationClips/Crouch_Walk_Rt_Rifle_Ironsights.uasset" 17
"../../../TestingGrounds/Content/NPC/Animations/AnimationClips/Death_1.uasset" 18
"../../../TestingGrounds/Content/NPC/Animations/AnimationClips/Death_2.uasset" 19
"../../../TestingGrounds/Content/NPC/Animations/AnimationClips/Death_3.uasset" 20
"../../../TestingGrounds/Content/NPC/Animations/AnimationClips/Death_Ironsights_1.uasset" 21
"../../../TestingGrounds/Content/NPC/Animations/AnimationClips/Death_Ironsights_2.uasset" 22
"../../../TestingGrounds/Content/NPC/Animations/AnimationClips/Equip_Pistol_Standing.uasset" 23
"../../../TestingGrounds/Content/NPC/Animations/AnimationClips/Equip_Rifle_Standing.uasset" 24
"../../../TestingGrounds/Content/NPC/Animations/AnimationClips/Fire_Rifle_Hip.uasset" 25
"../../../TestingGrounds/Content/NPC/Animations/AnimationClips/Fire_Shotgun_Hip.uasset" 26
"../../../TestingGrounds/Content/NPC/Animations/AnimationClips/Fire_Shotgun_Ironsights.uasset" 27
"../../../TestingGrounds/Content/NPC/Animations/AnimationClips/Hit_React_1.uasset" 28
"../../../TestingGrounds/Content/NPC/Animations/AnimationClips/Hit_React_2.uasset" 29
"../../../TestingGrounds/Content/NPC/Animations/AnimationClips/Hit_React_3.uasset" 30
"../../../TestingGrounds/Content/NPC/Animations/AnimationClips/Hit_React_4.uasset" 31
"../../../TestingGrounds/Content/NPC/Animations/AnimationClips/Idle_Pistol.uasset" 32
"../../../TestingGrounds/Content/NPC/Animations/AnimationClips/Idle_Rifle_Hip_Break1.uasset" 33
"../../../TestingGrounds/Content/NPC/Animations/AnimationClips/Idle_Rifle_Hip_Break2.uasset" 34
"../../../TestingGrounds/Content/NPC/Animations/AnimationClips/Idle_Rifle_Ironsights.uasset" 35
"../../../TestingGrounds/Content/NPC/Animations/AnimationClips/Jump_From_Stand_Ironsights.uasset" 36
"../../../TestingGrounds/Content/NPC/Animations/AnimationClips/Prone_Death_1.uasset" 37
"../../../TestingGrounds/Content/NPC/Animations/AnimationClips/Prone_Death_2.uasset" 38
"../../../TestingGrounds/Content/NPC/Animations/AnimationClips/Prone_Fire_1.uasset" 39
"../../../TestingGrounds/Content/NPC/Animations/AnimationClips/Prone_Fire_2.uasset" 40
"../../../TestingGrounds/Content/NPC/Animations/AnimationClips/Prone_Idle.uasset" 41
"../../../TestingGrounds/Content/NPC/Animations/AnimationClips/Prone_Reload_Rifle.uasset" 42
"../../../TestingGrounds/Content/NPC/Animations/AnimationClips/Prone_Reload_Shotgun.uasset" 43
"../../../TestingGrounds/Content/NPC/Animations/AnimationClips/Prone_To_Stand.uasset" 44
"../../../TestingGrounds/Content/NPC/Animations/AnimationClips/Reload_Pistol.uasset" 45
"../../../TestingGrounds/Content/NPC/Animations/AnimationClips/Reload_Rifle_Hip.uasset" 46
"../../../TestingGrounds/Content/NPC/Animations/AnimationClips/Reload_Rifle_Ironsights.uasset" 47
"../../../TestingGrounds/Content/NPC/Animations/AnimationClips/Reload_Shotgun_Hip.uasset" 48
"../../../TestingGrounds/Content/NPC/Animations/AnimationClips/Reload_Shotgun_Ironsights.uasset" 49
"../../../TestingGrounds/Content/NPC/Animations/AnimationClips/Sprint_Fwd_Rifle.uasset" 50
"../../../TestingGrounds/Content/NPC/Animations/AnimationClips/Stand_to_Crouch_Rifle_Hip.uasset" 51
"../../../TestingGrounds/Content/NPC/Animations/AnimationClips/Stand_to_Crouch_Rifle_Ironsights.uasset" 52
"../../../TestingGrounds/Content/NPC/Animations/AnimationClips/Stand_To_Prone.uasset" 53
"../../../TestingGrounds/Content/NPC/Animations/AnimationClips/Walk_Bwd_Rifle_Ironsights.uasset" 54
"../../../TestingGrounds/Content/NPC/Animations/AnimationClips/Walk_Fwd_Rifle_Ironsights.uasset" 55
"../../../TestingGrounds/Content/NPC/Animations/AnimationClips/Walk_Lt_Rifle_Ironsights.uasset" 56
"../../../TestingGrounds/Content/NPC/Animations/AnimationClips/Walk_Rt_Rifle_Ironsights.uasset" 57
"../../../TestingGrounds/Content/NPC/Animations/Blendspace/BS_AimWalk.uasset" 58
"../../../TestingGrounds/Content/NPC/Animations/AnimationClips/Jog_Bwd_Rifle.uasset" 59
"../../../TestingGrounds/Content/NPC/Animations/AnimationClips/Jog_Fwd_Rifle.uasset" 60
"../../../TestingGrounds/Content/NPC/Animations/AnimationClips/Jog_Lt_Rifle.uasset" 61
"../../../TestingGrounds/Content/NPC/Animations/AnimationClips/Jog_Rt_Rifle.uasset" 62
"../../../TestingGrounds/Content/NPC/Animations/Blendspace/BS_Jog.uasset" 63
"../../../TestingGrounds/Content/Player/Textures/FirstPersonCrosshair.uasset" 64
"../../../TestingGrounds/Content/Player/Character/Textures/UE4_LOGO_CARD.uasset" 65
"../../../TestingGrounds/Content/Weapon/FPWeapon/Materials/MaterialLayers/ML_Plastic_Shiny_Beige_LOGO.uasset" 66
"../../../TestingGrounds/Content/Weapon/FPWeapon/Materials/MaterialLayers/T_ML_FineRubber.uasset" 67
"../../../TestingGrounds/Content/Weapon/FPWeapon/Mesh/SK_FPGun_PhysicsAsset.uasset" 68
"../../../Engine/Content/Functions/Engine_MaterialFunctions01/Opacity/CameraDepthFade.uasset" 69
"../../../Engine/Content/EngineMaterials/T_Default_Material_Grid_M.uasset" 70
"../../../Engine/Content/EngineMaterials/T_Default_Material_Grid_N.uasset" 71
"../../../Engine/Content/EngineMaterials/DefaultMaterial.uasset" 72
"../../../Engine/Content/BasicShapes/Cone.uasset" 73
"../../../Engine/Content/EngineMaterials/WorldGridMaterial.uasset" 74
"../../../Engine/Content/BasicShapes/Cube.uasset" 75
"../../../Engine/Content/BasicShapes/Cylinder.uasset" 76
"../../../Engine/Content/BasicShapes/Plane.uasset" 77
"../../../Engine/Content/BasicShapes/Sphere.uasset" 78
"../../../Engine/Content/EditorLandscapeResources/DataLayer.uasset" 79
"../../../Engine/Content/EditorMaterials/GizmoMaterial.uasset" 80
"../../../Engine/Content/EditorMaterials/MAT_Groups_Toggle.uasset" 81
"../../../Engine/Content/EditorMaterials/MAT_Groups_Visibility.uasset" 82
"../../../Engine/Content/EditorMaterials/PreviewShadowIndicator.uasset" 83
"../../../Engine/Content/EditorMaterials/PreviewShadowIndicatorMaterial.uasset" 84
"../../../Engine/Content/EditorMaterials/AssetViewer/EpicQuadPanorama_CC+EV1.uasset" 85
"../../../Engine/Content/EditorMaterials/MatineeGroups/MAT_ColorTrack.uasset" 86
"../../../Engine/Content/EditorMaterials/MatineeGroups/MAT_Groups_Anim.uasset" 87
"../../../Engine/Content/EditorMaterials/MatineeGroups/MAT_Groups_AudioMaster.uasset" 88
"../../../Engine/Content/EditorMaterials/MatineeGroups/MAT_Groups_Director.uasset" 89
"../../../Engine/Content/EditorMaterials/MatineeGroups/MAT_Groups_Event.uasset" 90
"../../../Engine/Content/EditorMaterials/MatineeGroups/MAT_Groups_Fade.uasset" 91
"../../../Engine/Content/EditorMaterials/MatineeGroups/MAT_Groups_Float.uasset" 92
"../../../Engine/Content/EditorMaterials/MatineeGroups/MAT_Groups_Move.uasset" 93
"../../../Engine/Content/EditorMaterials/MatineeGroups/MAT_Groups_Slomo.uasset" 94
"../../../Engine/Content/EditorMaterials/MatineeGroups/MAT_Groups_Sound.uasset" 95
"../../../Engine/Content/EditorMaterials/MatineeGroups/MAT_Groups_Vector.uasset" 96
"../../../Engine/Content/EditorMaterials/ParticleSystems/PSysThumbnail_NoImage.uasset" 97
"../../../Engine/Content/EditorMaterials/ParticleSystems/PSysThumbnail_OOD.uasset" 98
"../../../Engine/Content/EditorMaterials/Camera/CineMat.uasset" 99
"../../../Engine/Content/EditorMaterials/Camera/MI_CineMat_Rig.uasset" 100
"../../../Engine/Content/EditorMeshes/Camera/SM_CraneRig_Arm.uasset" 101
"../../../Engine/Content/EditorMeshes/Camera/SM_CraneRig_Base.uasset" 102
"../../../Engine/Content/EditorMeshes/Camera/SM_CraneRig_Body.uasset" 103
"../../../Engine/Content/EditorMeshes/Camera/SM_CraneRig_Mount.uasset" 104
"../../../Engine/Content/EditorMeshes/Camera/SM_RailRig_Mount.uasset" 105
"../../../Engine/Content/EditorMeshes/Camera/SM_RailRig_Track.uasset" 106
"../../../Engine/Content/EditorMeshes/ColorCalibrator/M_ChromeBall.uasset" 107
"../../../Engine/Content/EditorMeshes/ColorCalibrator/M_ClearCoat.uasset" 108
"../../../Engine/Content/EditorMeshes/ColorCalibrator/M_ClearCoatBlack.uasset" 109
"../../../Engine/Content/EditorMeshes/ColorCalibrator/T_ColorGrid.uasset" 110
"../../../Engine/Content/EditorMeshes/ColorCalibrator/M_ColorGrid.uasset" 111
"../../../Engine/Content/EditorMeshes/ColorCalibrator/M_GreyBall.uasset" 112
"../../../Engine/Content/EditorMeshes/ColorCalibrator/SM_ColorCalibrator.uasset" 113
"../../../Engine/Content/EditorResources/BSPVertex.uasset" 114
"../../../Engine/Content/EditorResources/EmptyActor.uasset" 115
"../../../Engine/Content/EditorResources/S_Actor.uasset" 116
"../../../Engine/Content/EditorResources/S_Trigger.uasset" 117
"../../../Engine/Content/EditorResources/LightIcons/S_LightError.uasset" 118
"../../../Engine/Content/EditorResources/SequenceRecorder/Countdown.uasset" 119
"../../../Engine/Content/EditorResources/SequenceRecorder/RecordingIndicator.uasset" 120
"../../../Engine/Content/EditorSounds/Notifications/CompileFailed.uasset" 121
"../../../Engine/Content/EditorSounds/Notifications/CompileFailed_Cue.uasset" 122
"../../../Engine/Content/EditorSounds/Notifications/CompileSuccess.uasset" 123
"../../../Engine/Content/EditorSounds/Notifications/CompileStart_Cue.uasset" 124
"../../../Engine/Content/EditorSounds/Notifications/CompileSuccess_Cue.uasset" 125
"../../../Engine/Content/EngineDamageTypes/DmgTypeBP_Environmental.uasset" 126
"../../../Engine/Content/EngineDebugMaterials/HeatmapGradient.uasset" 127
"../../../Engine/Content/EngineDebugMaterials/BoneWeightMaterial.uasset" 128
"../../../Engine/Content/EngineDebugMaterials/ClothMaterial.uasset" 129
"../../../Engine/Content/EngineDebugMaterials/DebugMeshMaterial.uasset" 130
"../../../Engine/Content/EngineDebugMaterials/GeomMaterial.uasset" 131
"../../../Engine/Content/EngineFonts/Faces/RobotoBold.uasset" 132
"../../../Engine/Content/EngineFonts/Faces/RobotoBoldItalic.uasset" 133
"../../../Engine/Content/EngineFonts/Faces/RobotoItalic.uasset" 134
"../../../Engine/Content/EngineFonts/Faces/RobotoLight.uasset" 135
"../../../Engine/Content/EngineFonts/Faces/RobotoRegular.uasset" 136
"../../../Engine/Content/EngineFonts/Roboto.uasset" 137
"../../../Engine/Content/EngineFonts/Faces/RobotoTiny.uasset" 138
"../../../Engine/Content/EngineFonts/RobotoTiny.uasset" 139
"../../../Engine/Content/EngineMaterials/DefaultBloomKernel.uasset" 140
"../../../Engine/Content/EngineMaterials/DefaultBokeh.uasset" 141
"../../../Engine/Content/EngineMaterials/DefaultDiffuse.uasset" 142
"../../../Engine/Content/EngineMaterials/DefaultDeferredDecalMaterial.uasset" 143
"../../../Engine/Content/EngineMaterials/DefaultLightFunctionMaterial.uasset" 144
"../../../Engine/Content/EngineMaterials/DefaultPhysicalMaterial.uasset" 145
"../../../Engine/Content/Functions/Engine_MaterialFunctions02/Utility/BreakOutFloat2Components.uasset" 146
"../../../Engine/Content/EngineMaterials/DefaultPostProcessMaterial.uasset" 147
"../../../Engine/Content/EngineFonts/RobotoDistanceField.uasset" 148
"../../../Engine/Content/EngineMaterials/DefaultTextMaterialOpaque.uasset" 149
"../../../Engine/Content/EngineMaterials/DefaultWhiteGrid.uasset" 150
"../../../Engine/Content/EngineMaterials/EditorBrushMaterial.uasset" 151
"../../../Engine/Content/EngineMaterials/Good64x64TilingNoiseHighFreq.uasset" 152
"../../../Engine/Content/EngineMaterials/MiniFont.uasset" 153
"../../../Engine/Content/EngineMaterials/InvalidLightmapSettings.uasset" 154
"../../../Engine/Content/EngineMaterials/M_InvalidLightmapSettings.uasset" 155
"../../../Engine/Content/EngineMaterials/PhAT_JointLimitMaterial.uasset" 156
"../../../Engine/Content/EngineMaterials/PreintegratedSkinBRDF.uasset" 157
"../../../Engine/Content/EngineMaterials/RemoveSurfaceMaterial.uasset" 158
"../../../Engine/Content/EngineMaterials/WeightMapPlaceholderTexture.uasset" 159
"../../../Engine/Content/EngineResources/WhiteSquareTexture.uasset" 160
"../../../Engine/Content/EngineMaterials/Widget3DPassThrough.uasset" 161
"../../../Engine/Content/EngineMaterials/Widget3DPassThrough_Masked.uasset" 162
"../../../Engine/Content/EngineMaterials/Widget3DPassThrough_Opaque.uasset" 163
"../../../Engine/Content/EngineMaterials/Widget3DPassThrough_Masked_OneSided.uasset" 164
"../../../Engine/Content/EngineMaterials/Widget3DPassThrough_Opaque_OneSided.uasset" 165
"../../../Engine/Content/EngineMaterials/Widget3DPassThrough_Translucent.uasset" 166
"../../../Engine/Content/EngineMaterials/Widget3DPassThrough_Translucent_OneSided.uasset" 167
"../../../Engine/Content/EngineMeshes/Cube.uasset" 168
"../../../Engine/Content/EngineMeshes/Cylinder.uasset" 169
"../../../Engine/Content/EngineMeshes/Sphere.uasset" 170
"../../../Engine/Content/EngineResources/Black.uasset" 171
"../../../Engine/Content/EngineResources/DefaultTexture.uasset" 172
"../../../Engine/Content/EngineResources/DefaultTextureCube.uasset" 173
"../../../Engine/Content/EngineResources/GradientTexture0.uasset" 174
"../../../Engine/Content/EngineSounds/Master.uasset" 175
"../../../Engine/Content/Functions/Engine_MaterialFunctions01/Shading/ConvertFromDiffSpec.uasset" 176
"../../../Engine/Content/Functions/Engine_MaterialFunctions01/Shading/PowerToRoughness.uasset" 177
"../../../Engine/Content/Maps/Templates/Thumbnails/Default.uasset" 178
"../../../Engine/Content/Maps/Templates/Thumbnails/VR-Basic.uasset" 179
"../../../Engine/Content/MobileResources/T_MobileControls_texture.uasset" 180
"../../../Engine/Content/MobileResources/T_MobileMenu2.uasset" 181
"../../../Engine/Content/MobileResources/HUD/AnalogHat.uasset" 182
"../../../Engine/Content/MobileResources/HUD/VirtualJoystick_Background.uasset" 183
"../../../Engine/Content/MobileResources/HUD/VirtualJoystick_Thumb.uasset" 184
"../../../Engine/Content/MobileResources/HUD/DefaultVirtualJoysticks.uasset" 185
"../../../Engine/Content/MobileResources/HUD/LeftVirtualJoystickOnly.uasset" 186
"../../../Engine/Content/MobileResources/HUD/MobileHUDButton1_off.uasset" 187
"../../../Engine/Content/MobileResources/HUD/MobileHUDButton1_on.uasset" 188
"../../../Engine/Content/MobileResources/HUD/MobileHUDButton2_off.uasset" 189
"../../../Engine/Content/MobileResources/HUD/MobileHUDButton2_on.uasset" 190
"../../../Engine/Content/MobileResources/HUD/MobileHUDButton3.uasset" 191
"../../../Engine/Content/MobileResources/HUD/MobileHUDButtonFire.uasset" 192
"../../../Engine/Content/MobileResources/HUD/MobileHUDDirectionPad.uasset" 193
"../../../Engine/Content/MobileResources/HUD/MobileHUDDirectionPad2.uasset" 194
"../../../Engine/Content/MobileResources/HUD/MobileHUDDirectionPad3.uasset" 195
"../../../Engine/Content/MobileResources/HUD/MobileHUDDirectionStick.uasset" 196
"../../../Engine/Content/MobileResources/HUD/T_Castle_ThumbstickInner.uasset" 197
"../../../Engine/Content/MobileResources/HUD/T_Castle_ThumbstickOutter.uasset" 198
"../../../Engine/Content/Tutorial/ContentIntroCurve.uasset" 199
"../../../Engine/Content/Tutorial/Basics/TutorialAssets/icon_tab_Levels_40x.uasset" 200
"../../../Engine/Content/Tutorial/BlueprintTutorials/TutorialAssets/BlueprintInterface_64x.uasset" 201
"../../../Engine/Content/Tutorial/BlueprintTutorials/TutorialAssets/BlueprintMacroLibrary_64x.uasset" 202
"../../../Engine/Content/Tutorial/BlueprintTutorials/TutorialAssets/Blueprint_64x.uasset" 203
"../../../Engine/Content/Tutorial/BlueprintTutorials/TutorialAssets/Tutorial_BP_Interface.uasset" 204
"../../../Engine/Content/Tutorial/Foliage/TutorialAssets/Foliage.uasset" 205
"../../../Engine/Content/Tutorial/Landscape/TutorialAssets/Landscape.uasset" 206
"../../../Engine/Content/Tutorial/Paper2D/TutorialAssets/Paper2DFlipbook_TutorialIcon.uasset" 207
"../../../Engine/Content/Tutorial/Paper2D/TutorialAssets/Paper2DSprite_TutorialIcon.uasset" 208
"../../../Engine/Content/Tutorial/SubEditors/TutorialAssets/icon_Editor_Preferences_General_40x.uasset" 209
"../../../Engine/Content/Tutorial/SubEditors/TutorialAssets/icon_ShowSkeletalMeshes_40x.uasset" 210
"../../../Engine/Content/Tutorial/SubEditors/TutorialAssets/TutorialMaterial.uasset" 211
"../../../Engine/Content/Tutorial/SubEditors/TutorialAssets/T_SmokeSubUV_8X8.uasset" 212
"../../../Engine/Content/Tutorial/SubEditors/TutorialAssets/T_soft_smoke.uasset" 213
"../../../Engine/Content/Tutorial/SubEditors/TutorialAssets/M_smoke_subUV_blackbody.uasset" 214
"../../../Engine/Content/Tutorial/SubEditors/TutorialAssets/TutorialParticleSystem.uasset" 215
"../../../Engine/Content/EditorMeshes/EditorCube.uasset" 216
"../../../Engine/Content/Tutorial/SubEditors/TutorialAssets/Tutorial_DM.uasset" 217
"../../../Engine/Content/VREditor/Devices/Generic/GenericHMDMaterial.uasset" 218
"../../../Engine/Content/VREditor/Devices/Generic/GenericHMD.uasset" 219
"../../../Engine/Content/VREditor/FloatingText/LineMaterial.uasset" 220
"../../../Engine/Content/VREditor/FloatingText/JointSphere.uasset" 221
"../../../Engine/Content/VREditor/FloatingText/LineSegmentCylinder.uasset" 222
"../../../Engine/Content/VREditor/Fonts/VRText_RobotoLarge.uasset" 223
"../../../Engine/Content/VREditor/Fonts/VRTextMaterial.uasset" 224
"../../../Engine/Content/VREditor/Fonts/TranslucentVRTextMaterial.uasset" 225
"../../../Engine/Content/VREditor/LaserPointer/VR_LaserPower_01.uasset" 226
"../../../Engine/Content/VREditor/TransformGizmo/TransformGizmoMaterial.uasset" 227
"../../../Engine/Content/VREditor/LaserPointer/HoverMaterial.uasset" 228
"../../../Engine/Content/VREditor/TransformGizmo/TranslucentTransformGizmoMaterial.uasset" 229
"../../../Engine/Content/VREditor/LaserPointer/TranslucentHoverMaterial.uasset" 230
"../../../Engine/Content/VREditor/LaserPointer/HoverMesh.uasset" 231
"../../../Engine/Content/VREditor/LaserPointer/LaserPointerMaterial.uasset" 232
"../../../Engine/Content/VREditor/LaserPointer/LaserPointerMaterialInst.uasset" 233
"../../../Engine/Content/VREditor/LaserPointer/TranslucentLaserPointerMaterialInst.uasset" 234
"../../../Engine/Content/VREditor/LaserPointer/LaserPointerMesh.uasset" 235
"../../../Engine/Content/VREditor/LaserPointer/LaserPointerMesh_End.uasset" 236
"../../../Engine/Content/VREditor/LaserPointer/LaserPointerMesh_Start.uasset" 237
"../../../Engine/Content/Functions/Engine_MaterialFunctions02/Utility/BreakOutFloat3Components.uasset" 238
"../../../Engine/Content/Functions/Engine_MaterialFunctions02/Math/Transform3x3Matrix.uasset" 239
"../../../Engine/Content/Functions/Engine_MaterialFunctions02/SplitComponents.uasset" 240
"../../../Engine/Content/Functions/Engine_MaterialFunctions02/Utility/MakeFloat3.uasset" 241
"../../../Engine/Content/VREditor/SnapGrid/SnapGridMaterial.uasset" 242
"../../../Engine/Content/VREditor/SnapGrid/SnapGridPlaneMesh.uasset" 243
"../../../Engine/Content/VREditor/Sounds/VR_teleport_Cue.uasset" 244
"../../../Engine/Content/VREditor/Sounds/UI/Click_on_Button_Cue.uasset" 245
"../../../Engine/Content/VREditor/Sounds/UI/Dockable_Window_Close.uasset" 246
"../../../Engine/Content/VREditor/Sounds/UI/Dockable_Window_Drop.uasset" 247
"../../../Engine/Content/VREditor/Sounds/UI/Dockable_Window_Open.uasset" 248
"../../../Engine/Content/VREditor/Sounds/UI/Dockable_Window_Pick_Up.uasset" 249
"../../../Engine/Content/VREditor/Sounds/UI/Drop_Item_From_ContentBrowser.uasset" 250
"../../../Engine/Content/VREditor/Sounds/UI/Floating_UI_Open-001.uasset" 251
"../../../Engine/Content/VREditor/Sounds/UI/Gizmo_Handle_Clicked.uasset" 252
"../../../Engine/Content/VREditor/Sounds/UI/Object_PickUp.uasset" 253
"../../../Engine/Content/VREditor/Sounds/UI/Object_Snaps_To_Another_Actor.uasset" 254
"../../../Engine/Content/VREditor/Sounds/UI/Object_Snaps_To_Grid.uasset" 255
"../../../Engine/Content/VREditor/Sounds/UI/Radial_Menu_FadeOut.uasset" 256
"../../../Engine/Content/VREditor/Sounds/UI/Scaling_Down.uasset" 257
"../../../Engine/Content/VREditor/Sounds/UI/Scaling_Up.uasset" 258
"../../../Engine/Content/VREditor/Sounds/UI/Selection_Changes.uasset" 259
"../../../Engine/Content/VREditor/Sounds/UI/Teleport_Mode_Entered.uasset" 260
"../../../Engine/Content/VREditor/Teleport/TeleportDirectionMaterial.uasset" 261
"../../../Engine/Content/VREditor/Teleport/TeleportDirectionMaterial_Inst.uasset" 262
"../../../Engine/Content/VREditor/Teleport/TeleportDirectionMesh.uasset" 263
"../../../Engine/Content/VREditor/TransformGizmo/BoundingBoxCorner.uasset" 264
"../../../Engine/Content/VREditor/TransformGizmo/BoundingBoxEdge.uasset" 265
"../../../Engine/Content/VREditor/TransformGizmo/PlaneTranslationHandle.uasset" 266
"../../../Engine/Content/VREditor/TransformGizmo/RotationHandle.uasset" 267
"../../../Engine/Content/VREditor/TransformGizmo/RotationHandleFull.uasset" 268
"../../../Engine/Content/VREditor/TransformGizmo/RotationHandleIndicator.uasset" 269
"../../../Engine/Content/VREditor/TransformGizmo/RotationHandleQuarter.uasset" 270
"../../../Engine/Content/VREditor/TransformGizmo/Main.uasset" 271
"../../../Engine/Content/VREditor/TransformGizmo/Xray.uasset" 272
"../../../Engine/Content/VREditor/TransformGizmo/SM_Dialog_Close.uasset" 273
"../../../Engine/Content/VREditor/TransformGizmo/SM_Dialog_Move.uasset" 274
"../../../Engine/Content/VREditor/TransformGizmo/SM_Sequencer_Key.uasset" 275
"../../../Engine/Content/VREditor/TransformGizmo/StartRotationHandleIndicator.uasset" 276
"../../../Engine/Content/VREditor/TransformGizmo/TransformGizmoMaterial_Inst.uasset" 277
"../../../Engine/Content/VREditor/TransformGizmo/TranslateArrowHandle.uasset" 278
"../../../Engine/Content/VREditor/TransformGizmo/TranslationHandle.uasset" 279
"../../../Engine/Content/VREditor/TransformGizmo/TranslucentTransformGizmoMaterial_Inst.uasset" 280
"../../../Engine/Content/VREditor/TransformGizmo/UniformScaleHandle.uasset" 281
"../../../Engine/Content/VREditor/UI/KeyDiskMaterial.uasset" 282
"../../../Engine/Content/VREditor/UI/DiscMaterial.uasset" 283
"../../../Engine/Content/VREditor/UI/SM_Radial_Disk.uasset" 284
"../../../Engine/Content/Functions/Engine_MaterialFunctions01/Gradient/RadialGradient.uasset" 285
"../../../Engine/Content/VREditor/WorldMovementGrid/SimpleGrid.uasset" 286
"../../../Engine/Content/VREditor/WorldMovementGrid/GridMaterial.uasset" 287
"../../../Engine/Content/Functions/Engine_MaterialFunctions01/Density/ExponentialDensity.uasset" 288
"../../../Engine/Content/VREditor/WorldMovementGrid/GridPostProcess.uasset" 289
"../../../Engine/Content/EditorLandscapeResources/FlattenHeightMat.uasset" 290
"../../../Engine/Content/VREditor/WorldMovementGrid/PlaneMesh.uasset" 291
"../../../Engine/Plugins/2D/Paper2D/Content/DummySprite.uasset" 292
"../../../Engine/Plugins/2D/Paper2D/Content/DefaultPaperTerrainMaterial.uasset" 293
"../../../Engine/Plugins/2D/Paper2D/Content/DefaultSpriteMaterial.uasset" 294
"../../../Engine/Plugins/2D/Paper2D/Content/MaskedUnlitSpriteMaterial.uasset" 295
"../../../Engine/Plugins/2D/Paper2D/Content/OpaqueUnlitSpriteMaterial.uasset" 296
"../../../Engine/Plugins/2D/Paper2D/Content/PlaceholderTextures/DummySpriteTexture.uasset" 297
"../../../Engine/Plugins/Runtime/GearVR/Content/Textures/GearVRController_AO.uasset" 298
"../../../Engine/Plugins/Runtime/GearVR/Content/Textures/GearVRController_Color.uasset" 299
"../../../Engine/Plugins/Runtime/GearVR/Content/Textures/GearVRController_Normal.uasset" 300
"../../../Engine/Plugins/Runtime/GearVR/Content/Materials/GearVRControllerMaterial.uasset" 301
"../../../Engine/Plugins/Runtime/GearVR/Content/Meshes/GearVrController.uasset" 302
"../../../TestingGrounds/Content/NPC/Animations/AnimationClips/Aim_Space_Ironsights.uasset" 303
"../../../TestingGrounds/Content/NPC/Animations/AimOffsets/AimCenter.uasset" 304
"../../../TestingGrounds/Content/NPC/Animations/AimOffsets/AimDown.uasset" 305
"../../../TestingGrounds/Content/NPC/Animations/AimOffsets/AimUp.uasset" 306
"../../../TestingGrounds/Content/NPC/Animations/AnimationClips/Crouch_Walk_Bwd_Rifle_Hip.uasset" 307
"../../../TestingGrounds/Content/NPC/Animations/AimOffsets/AimOffset.uasset" 308
"../../../TestingGrounds/Content/NPC/Animations/AnimationClips/Crouch_Idle_Rifle_Hip.uasset" 309
"../../../TestingGrounds/Content/NPC/Animations/AnimationClips/Fire_Rifle_Ironsights.uasset" 310
"../../../TestingGrounds/Content/NPC/Animations/AnimationClips/Idle_Rifle_Hip.uasset" 311
"../../../TestingGrounds/Content/NPC/Animations/AnimationClips/Jump_From_Jog.uasset" 312
"../../../TestingGrounds/Content/NPC/Animations/AnimationClips/Jump_From_Stand.uasset" 313
"../../../TestingGrounds/Content/NPC/Animations/AnimationClips/Crouch_Walk_Fwd_Rifle_Hip.uasset" 314
"../../../TestingGrounds/Content/NPC/Animations/AnimationClips/Crouch_Walk_Lt_Rifle_Hip.uasset" 315
"../../../TestingGrounds/Content/NPC/Animations/AnimationClips/Crouch_Walk_Rt_Rifle_Hip.uasset" 316
"../../../TestingGrounds/Content/NPC/Animations/Blendspace/BS_CrouchWalk.uasset" 317
"../../../TestingGrounds/Content/NPC/Animations/PatrollingGuard.uasset" 318
"../../../TestingGrounds/Content/NPC/AI/PatrolData.uasset" 319
"../../../TestingGrounds/Content/NPC/AI/Chase.uasset" 320
"../../../TestingGrounds/Content/NPC/AI/Patrol.uasset" 321
"../../../TestingGrounds/Content/NPC/AI/ClearBlackboardValue.uasset" 322
"../../../TestingGrounds/Content/NPC/AI/Suspicion.uasset" 323
"../../../TestingGrounds/Content/NPC/AI/SetFocus.uasset" 324
"../../../Engine/Content/EditorBlueprintResources/StandardMacros.uasset" 325
"../../../TestingGrounds/Content/NPC/AI/UpdateSuspicionLocation.uasset" 326
"../../../TestingGrounds/Content/NPC/AI/GuardBehavior.uasset" 327
"../../../TestingGrounds/Content/NPC/AI/NPC_AI_BP.uasset" 328
"../../../Engine/Content/Functions/Engine_MaterialFunctions02/Utility/BlendAngleCorrectedNormals.uasset" 329
"../../../Engine/Content/Functions/MaterialLayerFunctions/MatLayerBlend_AO.uasset" 330
"../../../Engine/Content/Functions/MaterialLayerFunctions/MatLayerBlend_NormalBlend.uasset" 331
"../../../Engine/Content/Functions/MaterialLayerFunctions/MatLayerBlend_Simple.uasset" 332
"../../../TestingGrounds/Content/NPC/Character/UE4_Mannequin/Materials/MaterialLayers/T_ML_Rubber_Blue_01_D.uasset" 333
"../../../TestingGrounds/Content/NPC/Character/UE4_Mannequin/Materials/MaterialLayers/T_ML_Rubber_Blue_01_N.uasset" 334
"../../../TestingGrounds/Content/NPC/Character/UE4_Mannequin/Materials/MaterialLayers/ML_GlossyBlack_Latex_UE4.uasset" 335
"../../../TestingGrounds/Content/NPC/Character/UE4_Mannequin/Materials/MaterialLayers/ML_Plastic_Shiny_Beige.uasset" 336
"../../../TestingGrounds/Content/NPC/Character/UE4_Mannequin/Textures/UE4_LOGO_CARD.uasset" 337
"../../../TestingGrounds/Content/NPC/Character/UE4_Mannequin/Materials/MaterialLayers/ML_Plastic_Shiny_Beige_LOGO.uasset" 338
"../../../TestingGrounds/Content/NPC/Character/UE4_Mannequin/Materials/MaterialLayers/T_ML_Aluminum01.uasset" 339
"../../../TestingGrounds/Content/NPC/Character/UE4_Mannequin/Materials/MaterialLayers/T_ML_Aluminum01_N.uasset" 340
"../../../TestingGrounds/Content/NPC/Character/UE4_Mannequin/Materials/MaterialLayers/ML_SoftMetal_UE4.uasset" 341
"../../../TestingGrounds/Content/NPC/Character/UE4_Mannequin/Textures/UE4_Mannequin__normals.uasset" 342
"../../../TestingGrounds/Content/NPC/Character/UE4_Mannequin/Textures/UE4_Mannequin_MAT_MASKA.uasset" 343
"../../../TestingGrounds/Content/NPC/Character/UE4_Mannequin/Textures/UE4_Mannequin_occlusion_Mobile.uasset" 344
"../../../TestingGrounds/Content/NPC/Character/UE4_Mannequin/Materials/M_UE4Man_Body.uasset" 345
"../../../TestingGrounds/Content/NPC/Character/UE4_Mannequin/Textures/UE4Man_Logo_N.uasset" 346
"../../../TestingGrounds/Content/NPC/Character/UE4_Mannequin/Materials/M_UE4Man_ChestLogo.uasset" 347
"../../../TestingGrounds/Content/NPC/Character/UE4_Mannequin/Mesh/SK_Mannequin_PhysicsAsset.uasset" 348
"../../../TestingGrounds/Content/NPC/Character/UE4_Mannequin/Mesh/SK_Mannequin.uasset" 349
"../../../TestingGrounds/Content/Weapon/FPWeapon/Materials/MaterialLayers/T_ML_Rubber_Blue_01_D.uasset" 350
"../../../TestingGrounds/Content/Weapon/FPWeapon/Materials/MaterialLayers/T_ML_Rubber_Blue_01_N.uasset" 351
"../../../TestingGrounds/Content/Weapon/FPWeapon/Materials/MaterialLayers/ML_GlossyBlack_Latex_UE4.uasset" 352
"../../../TestingGrounds/Content/Weapon/FPWeapon/Materials/MaterialLayers/ML_Plastic_Shiny_Beige.uasset" 353
"../../../TestingGrounds/Content/Weapon/FPWeapon/Materials/MaterialLayers/ML_Screen.uasset" 354
"../../../TestingGrounds/Content/Weapon/FPWeapon/Materials/MaterialLayers/T_ML_Aluminum01.uasset" 355
"../../../TestingGrounds/Content/Weapon/FPWeapon/Materials/MaterialLayers/T_ML_Aluminum01_N.uasset" 356
"../../../TestingGrounds/Content/Weapon/FPWeapon/Materials/MaterialLayers/ML_SoftMetal_UE4.uasset" 357
"../../../TestingGrounds/Content/Weapon/FPWeapon/Textures/T_FPGun_M.uasset" 358
"../../../TestingGrounds/Content/Weapon/FPWeapon/Textures/T_FPGun_N.uasset" 359
"../../../TestingGrounds/Content/Weapon/FPWeapon/Materials/M_FPGun.uasset" 360
"../../../TestingGrounds/Content/Weapon/FPWeapon/Mesh/SK_FPGun_Skeleton.uasset" 361
"../../../TestingGrounds/Content/Weapon/FPWeapon/Mesh/SK_FPGun.uasset" 362
"../../../TestingGrounds/Content/NPC/Behavior/Ue4ASP_Character.uasset" 363
"../../../TestingGrounds/Content/Player/Character/Mesh/SK_Mannequin_Arms_Skeleton.uasset" 364
"../../../TestingGrounds/Content/Player/Animations/FirstPerson_Idle.uasset" 365
"../../../TestingGrounds/Content/Player/Animations/FirstPerson_JumpEnd.uasset" 366
"../../../TestingGrounds/Content/Player/Animations/FirstPerson_JumpLoop.uasset" 367
"../../../TestingGrounds/Content/Player/Animations/FirstPerson_JumpStart.uasset" 368
"../../../TestingGrounds/Content/Player/Animations/FirstPerson_Run.uasset" 369
"../../../TestingGrounds/Content/Player/Animations/FirstPerson_AnimBP.uasset" 370
"../../../TestingGrounds/Content/Player/Animations/FirstPerson_Fire.uasset" 371
"../../../TestingGrounds/Content/Player/Animations/FirstPersonFire_Montage.uasset" 372
"../../../TestingGrounds/Content/Player/Meshes/BaseMaterial.uasset" 373
"../../../TestingGrounds/Content/Player/Meshes/FirstPersonProjectileMaterial.uasset" 374
"../../../TestingGrounds/Content/Player/Meshes/FirstPersonProjectileMesh.uasset" 375
"../../../TestingGrounds/Content/Weapon/Behavior/FirstPersonProjectile.uasset" 376
"../../../TestingGrounds/Content/Player/Audio/FirstPersonTemplateWeaponFire02.uasset" 377
"../../../TestingGrounds/Content/Player/Character/Materials/MaterialLayers/T_ML_Rubber_Blue_01_D.uasset" 378
"../../../TestingGrounds/Content/Player/Character/Materials/MaterialLayers/T_ML_Rubber_Blue_01_N.uasset" 379
"../../../TestingGrounds/Content/Player/Character/Materials/MaterialLayers/ML_GlossyBlack_Latex_UE4.uasset" 380
"../../../TestingGrounds/Content/Player/Character/Materials/MaterialLayers/ML_Plastic_Shiny_Beige.uasset" 381
"../../../TestingGrounds/Content/Player/Character/Materials/MaterialLayers/ML_Plastic_Shiny_Beige_LOGO.uasset" 382
"../../../TestingGrounds/Content/Player/Character/Materials/MaterialLayers/T_ML_Aluminum01.uasset" 383
"../../../TestingGrounds/Content/Player/Character/Materials/MaterialLayers/T_ML_Aluminum01_N.uasset" 384
"../../../TestingGrounds/Content/Player/Character/Materials/MaterialLayers/ML_SoftMetal_UE4.uasset" 385
"../../../TestingGrounds/Content/Player/Character/Textures/UE4_Mannequin__normals.uasset" 386
"../../../TestingGrounds/Content/Player/Character/Textures/UE4_Mannequin_MAT_MASKA.uasset" 387
"../../../TestingGrounds/Content/Player/Character/Materials/M_UE4Man_Body.uasset" 388
"../../../TestingGrounds/Content/Player/Character/Mesh/SK_Mannequin_Arms_PhysicsAsset.uasset" 389
"../../../TestingGrounds/Content/Player/Character/Mesh/SK_Mannequin_Arms.uasset" 390
"../../../TestingGrounds/Content/Player/Behavior/Player.uasset" 391
"../../../Engine/Content/EngineSky/C_Sky_Cloud_Color.uasset" 392
"../../../Engine/Content/EngineSky/C_Sky_Horizon_Color.uasset" 393
"../../../Engine/Content/EngineSky/C_Sky_Zenith_Color.uasset" 394
"../../../Engine/Content/EngineSky/T_Sky_Blue.uasset" 395
"../../../Engine/Content/EngineSky/T_Sky_Clouds_M.uasset" 396
"../../../Engine/Content/EngineSky/T_Sky_Stars.uasset" 397
"../../../Engine/Content/EngineSky/M_Sky_Panning_Clouds2.uasset" 398
"../../../Engine/Content/EngineSky/SM_SkySphere.uasset" 399
"../../../Engine/Content/EngineSky/BP_Sky_Sphere.uasset" 400
"../../../TestingGrounds/Content/Level/FirstPersonExampleMap_BuiltData.uasset" 401
"../../../TestingGrounds/Content/Player/Meshes/CubeMaterialOverride.uasset" 402
"../../../TestingGrounds/Content/Geometry/Meshes/1M_Cube.uasset" 403
"../../../TestingGrounds/Content/Geometry/Meshes/Linear_Stair_StaticMesh.uasset" 404
"../../../TestingGrounds/Content/Level/FirstPersonExampleMap.umap" 405
"../../../Engine/Content/Maps/Entry.umap" 406
